{"numTotalTestSuites":3,"numPassedTestSuites":3,"numFailedTestSuites":0,"numPendingTestSuites":0,"numTotalTests":4,"numPassedTests":4,"numFailedTests":0,"numPendingTests":0,"numTodoTests":0,"snapshot":{"added":0,"failure":false,"filesAdded":0,"filesRemoved":0,"filesRemovedList":[],"filesUnmatched":0,"filesUpdated":0,"matched":0,"total":0,"unchecked":0,"uncheckedKeysByFile":[],"unmatched":0,"updated":0,"didUpdate":false},"startTime":1774019934454,"success":true,"testResults":[{"assertionResults":[{"ancestorTitles":["web search query expansion"],"fullName":"web search query expansion expands MCP toward Model Context Protocol when AI/protocol terms are present","status":"passed","title":"expands MCP toward Model Context Protocol when AI/protocol terms are present","duration":1.2419300000001385,"failureMessages":[],"meta":{}},{"ancestorTitles":["web search query expansion"],"fullName":"web search query expansion does not expand MCP for unrelated acronym-only domains","status":"passed","title":"does not expand MCP for unrelated acronym-only domains","duration":0.2520170000007056,"failureMessages":[],"meta":{}},{"ancestorTitles":["web search reranking"],"fullName":"web search reranking prioritizes substantive phrase matches over acronym-only collisions","status":"passed","title":"prioritizes substantive phrase matches over acronym-only collisions","duration":0.5041809999984252,"failureMessages":[],"meta":{}},{"ancestorTitles":["web search reranking"],"fullName":"web search reranking keeps acronym-only queries usable when no richer terms exist","status":"passed","title":"keeps acronym-only queries usable when no richer terms exist","duration":0.60327899999902,"failureMessages":[],"meta":{}}],"startTime":1774019945541,"endTime":1774019945543.6033,"status":"passed","message":"","name":"/mnt/c/Users/steffen/Documents/starlingAI/packages/core/src/tests/web-tools.test.ts"}]}